Generated at 2015-09-13 08:32:59 +0000
Chef::Exceptions::Package: yum_package[perl-ExtUtils- MakeMaker] (git::default line 12) had an error: Chef::Exceptions::Package: No candidate version available for perl-ExtUtils- MakeMaker
/opt/chef/embedded/apps/chef/lib/chef/mixin/why_run.rb:241:in `run'
/opt/chef/embedded/apps/chef/lib/chef/mixin/why_run.rb:322:in `block in run'
/opt/chef/embedded/apps/chef/lib/chef/mixin/why_run.rb:321:in `each'
/opt/chef/embedded/apps/chef/lib/chef/mixin/why_run.rb:321:in `run'
/opt/chef/embedded/apps/chef/lib/chef/provider.rb:154:in `process_resource_requirements'
/opt/chef/embedded/apps/chef/lib/chef/provider.rb:130:in `run_action'
/opt/chef/embedded/apps/chef/lib/chef/resource.rb:584:in `run_action'
/opt/chef/embedded/apps/chef/lib/chef/runner.rb:49:in `run_action'
/opt/chef/embedded/apps/chef/lib/chef/runner.rb:81:in `block (2 levels) in converge'
/opt/chef/embedded/apps/chef/lib/chef/runner.rb:81:in `each'
/opt/chef/embedded/apps/chef/lib/chef/runner.rb:81:in `block in converge'
/opt/chef/embedded/apps/chef/lib/chef/resource_collection/resource_list.rb:83:in `block in execute_each_resource'
/opt/chef/embedded/apps/chef/lib/chef/resource_collection/stepable_iterator.rb:116:in `call'
/opt/chef/embedded/apps/chef/lib/chef/resource_collection/stepable_iterator.rb:116:in `call_iterator_block'
/opt/chef/embedded/apps/chef/lib/chef/resource_collection/stepable_iterator.rb:85:in `step'
/opt/chef/embedded/apps/chef/lib/chef/resource_collection/stepable_iterator.rb:104:in `iterate'
/opt/chef/embedded/apps/chef/lib/chef/resource_collection/stepable_iterator.rb:55:in `each_with_index'
/opt/chef/embedded/apps/chef/lib/chef/resource_collection/resource_list.rb:81:in `execute_each_resource'
/opt/chef/embedded/apps/chef/lib/chef/runner.rb:80:in `converge'
/opt/chef/embedded/apps/chef/lib/chef/client.rb:654:in `block in converge'
/opt/chef/embedded/apps/chef/lib/chef/client.rb:649:in `catch'
/opt/chef/embedded/apps/chef/lib/chef/client.rb:649:in `converge'
/opt/chef/embedded/apps/chef/lib/chef/client.rb:688:in `converge_and_save'
/opt/chef/embedded/apps/chef/lib/chef/client.rb:269:in `run'
/opt/chef/embedded/apps/chef/lib/chef/application.rb:270:in `block in fork_chef_client'
/opt/chef/embedded/apps/chef/lib/chef/application.rb:258:in `fork'
/opt/chef/embedded/apps/chef/lib/chef/application.rb:258:in `fork_chef_client'
/opt/chef/embedded/apps/chef/lib/chef/application.rb:224:in `block in run_chef_client'
/opt/chef/embedded/apps/chef/lib/chef/local_mode.rb:39:in `with_server_connectivity'
/opt/chef/embedded/apps/chef/lib/chef/application.rb:212:in `run_chef_client'
/opt/chef/embedded/apps/chef/lib/chef/application/solo.rb:280:in `block in interval_run_chef_client'
/opt/chef/embedded/apps/chef/lib/chef/application/solo.rb:269:in `loop'
/opt/chef/embedded/apps/chef/lib/chef/application/solo.rb:269:in `interval_run_chef_client'
/opt/chef/embedded/apps/chef/lib/chef/application/solo.rb:247:in `run_application'
/opt/chef/embedded/apps/chef/lib/chef/application.rb:60:in `run'
/opt/chef/embedded/apps/chef/bin/chef-solo:25:in `<top (required)>'
/usr/bin/chef-solo:55:in `load'
/usr/bin/chef-solo:55:in `<main>'